0 info it worked if it ends with ok
1 verbose cli [ 'node',
1 verbose cli   '/usr/local/bin/npm',
1 verbose cli   'install',
1 verbose cli   '--save',
1 verbose cli   'event-emitter2' ]
2 info using npm@1.1.44
3 info using node@v0.8.4
4 verbose node symlink /usr/local/bin/node
5 verbose config file /Users/fivetanley/.npmrc
6 verbose config file /usr/local/etc/npmrc
7 verbose config file /usr/local/lib/node_modules/npm/npmrc
8 verbose read json /Users/fivetanley/Projects/chatter/package.json
9 verbose read json /Users/fivetanley/Projects/chatter/node_modules/chai/package.json
10 verbose read json /Users/fivetanley/Projects/chatter/node_modules/chai-jquery/package.json
11 verbose read json /Users/fivetanley/Projects/chatter/node_modules/ejs/package.json
12 verbose read json /Users/fivetanley/Projects/chatter/node_modules/eventemitter/package.json
13 verbose read json /Users/fivetanley/Projects/chatter/node_modules/eventemitter2/package.json
14 verbose read json /Users/fivetanley/Projects/chatter/node_modules/express/package.json
15 verbose read json /Users/fivetanley/Projects/chatter/node_modules/grunt-coffee/package.json
16 verbose read json /Users/fivetanley/Projects/chatter/node_modules/isolate/package.json
17 verbose read json /Users/fivetanley/Projects/chatter/node_modules/jquery/package.json
18 verbose read json /Users/fivetanley/Projects/chatter/node_modules/sinon/package.json
19 verbose read json /Users/fivetanley/Projects/chatter/node_modules/sinon-chai/package.json
20 verbose read json /Users/fivetanley/Projects/chatter/node_modules/socket.io/package.json
21 verbose read json /Users/fivetanley/Projects/chatter/node_modules/socket.io-client/package.json
22 verbose read json /Users/fivetanley/Projects/chatter/node_modules/validator/package.json
23 verbose read json /Users/fivetanley/Projects/chatter/node_modules/zombie/package.json
24 warn package.json eventemitter@0.3.3 'contributers' should probably be 'contributors'
25 verbose from cache /Users/fivetanley/Projects/chatter/package.json
26 verbose readDependencies using package.json deps
27 verbose cache add [ 'event-emitter2', null ]
28 silly cache add name=undefined spec="event-emitter2" args=["event-emitter2",null]
29 verbose parsed url { pathname: 'event-emitter2',
29 verbose parsed url   path: 'event-emitter2',
29 verbose parsed url   href: 'event-emitter2' }
30 silly lockFile 8a304983-event-emitter2 event-emitter2
31 verbose lock event-emitter2 /Users/fivetanley/.npm/8a304983-event-emitter2.lock
32 silly lockFile 8a304983-event-emitter2 event-emitter2
33 verbose addNamed [ 'event-emitter2', '' ]
34 verbose addNamed [ null, '' ]
35 silly lockFile 73800cdb-event-emitter2 event-emitter2@
36 verbose lock event-emitter2@ /Users/fivetanley/.npm/73800cdb-event-emitter2.lock
37 silly addNameRange { name: 'event-emitter2', range: '', hasData: false }
38 verbose url raw event-emitter2
39 verbose url resolving [ 'https://registry.npmjs.org/', './event-emitter2' ]
40 verbose url resolved https://registry.npmjs.org/event-emitter2
41 info retry registry request attempt 1 at 16:21:53
42 http GET https://registry.npmjs.org/event-emitter2
43 http 404 https://registry.npmjs.org/event-emitter2
44 silly registry.get cb [ 404,
44 silly registry.get   { server: 'CouchDB/1.2.0 (Erlang OTP/R15B)',
44 silly registry.get     date: 'Thu, 13 Sep 2012 22:21:51 GMT',
44 silly registry.get     'content-type': 'application/json',
44 silly registry.get     'content-length': '52',
44 silly registry.get     'cache-control': 'must-revalidate' } ]
45 silly lockFile 73800cdb-event-emitter2 event-emitter2@
46 error 404 'event-emitter2' is not in the npm registry.
46 error 404 You should bug the author to publish it
46 error 404
46 error 404 Note that you can also install from a
46 error 404 tarball, folder, or http url, or git url.
47 error System Darwin 11.4.0
48 error command "node" "/usr/local/bin/npm" "install" "--save" "event-emitter2"
49 error cwd /Users/fivetanley/Projects/chatter
50 error node -v v0.8.4
51 error npm -v 1.1.44
52 error code E404
53 error stack Error: 404 Not Found: event-emitter2
53 error stack     at RegClient.<anonymous> (/usr/local/lib/node_modules/npm/node_modules/npm-registry-client/lib/request.js:242:14)
53 error stack     at Request.init.self.callback (/usr/local/lib/node_modules/npm/node_modules/request/main.js:120:22)
53 error stack     at Request.EventEmitter.emit (events.js:91:17)
53 error stack     at Request.<anonymous> (/usr/local/lib/node_modules/npm/node_modules/request/main.js:555:16)
53 error stack     at Request.EventEmitter.emit (events.js:88:17)
53 error stack     at IncomingMessage.Request.start.self.req.self.httpModule.request.buffer (/usr/local/lib/node_modules/npm/node_modules/request/main.js:517:14)
53 error stack     at IncomingMessage.EventEmitter.emit (events.js:115:20)
53 error stack     at IncomingMessage._emitEnd (http.js:366:10)
53 error stack     at HTTPParser.parserOnMessageComplete [as onMessageComplete] (http.js:149:23)
53 error stack     at CleartextStream.socketOnData (http.js:1356:20)
54 verbose exit [ 1, true ]
